0.00
0.00
0.00
0.00
0.01
0.03
0.03
0.05
0.06
0.07
0.09
0.09
0.12
0.10
0.17
0.14
0.15
0.22
0.25
0.22
0.25
0.27
0.29
0.33
0.43
0.40
0.42
0.51
0.54
0.51
0.61
0.58
0.62
0.67
0.71
0.75
0.87
0.87
0.89
1.00
1.05
1.11
1.14
1.25
1.22
1.28
1.39
1.38
1.44
1.51
1.64
1.60
1.66
1.79
1.85
1.93
1.98
2.08
2.12
2.21
2.21
2.29
2.47
2.45
2.51
2.60
2.71
2.52
2.83
2.93
3.00
3.19
3.21
3.26
3.36
3.54
3.61
3.67
3.75
3.83
3.91
4.02
4.16
4.25
4.41
4.43
4.57
4.65
4.81
4.92
4.98
5.09
5.20
5.35
5.46
5.60
5.67
5.84
5.93
6.00
6.18
6.46
6.37
