0.00
0.01
0.03
0.04
0.07
0.12
0.11
0.17
0.22
0.22
0.28
0.27
0.32
0.38
0.43
0.53
0.56
0.56
0.63
0.73
0.82
0.87
0.97
1.06
1.13
1.18
1.34
1.39
1.47
1.57
1.66
1.83
1.95
1.94
2.08
2.21
2.31
2.41
2.55
2.71
2.87
2.95
3.14
3.28
3.42
3.57
3.79
3.89
4.02
4.20
4.40
4.53
4.68
4.81
5.09
5.17
5.50
5.61
5.89
6.05
6.25
6.39
6.66
6.84
7.04
7.22
7.53
7.78
7.92
8.13
8.41
8.69
9.03
9.26
9.40
9.66
9.90
10.25
10.47
10.70
11.02
11.24
11.50
11.86
12.20
12.42
12.65
12.99
13.31
13.55
13.90
15.94
15.91
14.77
18.24
18.94
15.96
23.73
28.10
20.95
17.32
17.48
24.90
